INFO:root:Cache for get_problem_spec was found. Using it.
INFO:root:Cache for get_problem_spec was found. Using it.
INFO:root:Cache for get_problem_spec was found. Using it.
INFO:root:There is no valid cache for snapshot. Executing request.
INFO:requests.packages.urllib3.connectionpool:Starting new HTTP connection (1): 2016sv.icfpcontest.org
DEBUG:requests.packages.urllib3.connectionpool:"GET /api/snapshot/list HTTP/1.1" 200 None
INFO:root:There is no valid cache for blob. Executing request.
DEBUG:requests.packages.urllib3.connectionpool:"GET /api/blob/5316e3b9d3224e6ef99a5220e8f3dcab5e58bb0d HTTP/1.1" 303 0
INFO:requests.packages.urllib3.connectionpool:Starting new HTTP connection (1): storage.googleapis.com
DEBUG:requests.packages.urllib3.connectionpool:"GET /icfpcontest2016/blobs/5316e3b9d3224e6ef99a5220e8f3dcab5e58bb0d?Expires=1470411042&GoogleAccessId=hibiki-gcs-signer%40icfpcontest2016.iam.gserviceaccount.com&Signature=jWeycwvFg0Mv%2FXSi4gKMiEnw3DKYN%2FxHl4MNC1E8L2skk2SHU8FqKUgjAFYdH26FEM6sWXDHSK5ZeqpKADgPv7WWCOOo32rzfTwk5qDogNwp9X2xeXOJBEbnkCxgCD4TqpqV24uAo%2FUznVPThNIixd0uKEmjOZ3lgJCdgJucN9q69DkUN0X5RsZN7%2FmjRWt5Hyk9rWeunD%2F8%2FitlDb%2BXXNj3qiGKvjgSSYRZUECDJ06sAJyHzwI5CorU7apECslIKTFxTJIryx6zStb7rbJD0Hz%2FQwKTbo4a8FyUe5eTfqNFRLQapvDPS%2BIbDRd2IF10zvCnywMFWqHlrOqFY9cmcw%3D%3D HTTP/1.1" 200 14784
INFO:root:Cache for snapshot was found. Using it.
INFO:root:Cache for blob was found. Using it.
INFO:root:Cache for snapshot was found. Using it.
INFO:root:Cache for blob was found. Using it.
INFO:root:Cache for snapshot was found. Using it.
INFO:root:Cache for blob was found. Using it.
INFO:root:There is no valid cache for snapshot. Executing request.
INFO:requests.packages.urllib3.connectionpool:Starting new HTTP connection (1): 2016sv.icfpcontest.org
DEBUG:requests.packages.urllib3.connectionpool:"GET /api/snapshot/list HTTP/1.1" 200 None
INFO:root:There is no valid cache for blob. Executing request.
DEBUG:requests.packages.urllib3.connectionpool:"GET /api/blob/5316e3b9d3224e6ef99a5220e8f3dcab5e58bb0d HTTP/1.1" 303 0
INFO:requests.packages.urllib3.connectionpool:Starting new HTTP connection (1): storage.googleapis.com
DEBUG:requests.packages.urllib3.connectionpool:"GET /icfpcontest2016/blobs/5316e3b9d3224e6ef99a5220e8f3dcab5e58bb0d?Expires=1470411162&GoogleAccessId=hibiki-gcs-signer%40icfpcontest2016.iam.gserviceaccount.com&Signature=bYZzfJnVyH9G%2BjDsAv36We6MvzCUz7PCh%2BZhuGT1aLFVdBpLgVOkplDgU2lTPwwsJLEeHNUFGut4mq%2FoMVZItc2L5nFkEwS58n%2FhhhcMGJx%2BykVDVQlOWqJqaQO3TqBgKdgRaay4VVy9mderc11Ytl5JpWlb0rLu8PGj%2Fq%2Fb04t5X%2F3gZXbtO%2Bzsrb9Hd4Dvxuy6SodOIubpZUqhzLRnZIj54PQSV9U1kwwlUj8XYOyuOc6AYf6i%2Frm4wgTH05Sn%2FYwu1EN9mqywuuUxKzGfP1B9JrxLYi9OXzwR4tIjNfvKKB2Qga4Hnht9e%2FslR9bTBhiWpzBBHd8XrR3LJCEFQQ%3D%3D HTTP/1.1" 200 14784
INFO:root:There is no valid cache for snapshot. Executing request.
INFO:requests.packages.urllib3.connectionpool:Starting new HTTP connection (1): 2016sv.icfpcontest.org
DEBUG:requests.packages.urllib3.connectionpool:"GET /api/snapshot/list HTTP/1.1" 200 None
INFO:root:There is no valid cache for blob. Executing request.
INFO:root:Trying to get hash: 5316e3b9d3224e6ef99a5220e8f3dcab5e58bb0d
DEBUG:requests.packages.urllib3.connectionpool:"GET /api/blob/5316e3b9d3224e6ef99a5220e8f3dcab5e58bb0d HTTP/1.1" 303 0
INFO:requests.packages.urllib3.connectionpool:Starting new HTTP connection (1): storage.googleapis.com
DEBUG:requests.packages.urllib3.connectionpool:"GET /icfpcontest2016/blobs/5316e3b9d3224e6ef99a5220e8f3dcab5e58bb0d?Expires=1470411217&GoogleAccessId=hibiki-gcs-signer%40icfpcontest2016.iam.gserviceaccount.com&Signature=qTuCfi0XMFAEdPJaBWcPVMo4USFuzCUlTJ5617Lj8%2BSuT51S8sqG3GIl9wP5jKnrtN4Nbqm6zGmIeQ2Av9b18xs1tHMjow4NsXLdoPq9ByTWKKGZm%2BSvvrQ7gw%2FBffkDuPCmxaZgVhoZ4mStdhXHrxx0JUKrm14CIJLFrhGVEtTUgGv%2F86apEinHUZ8SoLv8HHr4zyTPIt%2FmcRyUu6g%2Fn5%2BoSgaG%2B7YB2myaDcUKhZge5Jse3ZrM5OqDnZf6BVUwmWhrXDKYpLyhBORJKewlguJ%2BAwGxVSWKuC4wahr3dHBE%2BpufcoaOGf4O2WgG3zo4f4RC2obGAOcWzdzH9BcNCQ%3D%3D HTTP/1.1" 200 14784
INFO:root:There is no valid cache for snapshot. Executing request.
INFO:requests.packages.urllib3.connectionpool:Starting new HTTP connection (1): 2016sv.icfpcontest.org
DEBUG:requests.packages.urllib3.connectionpool:"GET /api/snapshot/list HTTP/1.1" 200 None
INFO:root:There is no valid cache for blob. Executing request.
INFO:root:Trying to get hash: 5316e3b9d3224e6ef99a5220e8f3dcab5e58bb0d
DEBUG:requests.packages.urllib3.connectionpool:"GET /api/blob/5316e3b9d3224e6ef99a5220e8f3dcab5e58bb0d HTTP/1.1" 303 0
INFO:requests.packages.urllib3.connectionpool:Starting new HTTP connection (1): storage.googleapis.com
DEBUG:requests.packages.urllib3.connectionpool:"GET /icfpcontest2016/blobs/5316e3b9d3224e6ef99a5220e8f3dcab5e58bb0d?Expires=1470411224&GoogleAccessId=hibiki-gcs-signer%40icfpcontest2016.iam.gserviceaccount.com&Signature=Y8dzdsfPNUyHG2WRSr%2BaDFhdVWgPvdcqekWsKNGNTSUTtwkYnxAtVQhtg5tkbEREG56mNhJfY0HGDS08Bvn5VgRU4QoLSdzssb8Dh42Pdkn3vya4nEVxnKpg8k5Tr%2F5A636T%2Fl%2FVfjN5e%2FLeSb4lKS4txJGXWgIUVCyZPa6x2re3pF07bIRYWltSTO7Q27Zq6J0IV5a66IDPQ%2BUE7Yfk7XxFM0dw9BAnR6HCmZR2jwyribNENThjFlaWjB6VhYO%2Bmolk4cDX9SnKXdokqC0HX7IqIumkKBt%2B3mJdD8TZXxm5SzEIz%2BaB6Z9Fy%2FGvXprT07DSrEXMIsUN5ewJ%2FB31hg%3D%3D HTTP/1.1" 200 14784
